Searching for include files...
Searching for example files...
Searching for files in directory /home/travis/build/NTAP/warpcore/bin
Searching for images...
Searching for dot files...
Searching for msc files...
Searching for dia files...
Searching for files to exclude
Searching for files to process...
Searching for files in directory /home/travis/build/NTAP/warpcore/lib
Searching for files in directory /home/travis/build/NTAP/warpcore/lib/include
Searching for files in directory /home/travis/build/NTAP/warpcore/lib/include/net
Searching for files in directory /home/travis/build/NTAP/warpcore/lib/include/warpcore
Searching for files in directory /home/travis/build/NTAP/warpcore/lib/src
Searching for files in directory /home/travis/build/NTAP/warpcore/build/lib
Searching for files in directory /home/travis/build/NTAP/warpcore/build/lib/CMakeFiles
Searching for files in directory /home/travis/build/NTAP/warpcore/build/lib/CMakeFiles/obj_all.dir
Searching for files in directory /home/travis/build/NTAP/warpcore/build/lib/CMakeFiles/obj_all.dir/src
Searching for files in directory /home/travis/build/NTAP/warpcore/build/lib/CMakeFiles/obj_sock.dir
Searching for files in directory /home/travis/build/NTAP/warpcore/build/lib/CMakeFiles/obj_sock.dir/src
Searching for files in directory /home/travis/build/NTAP/warpcore/build/lib/CMakeFiles/obj_warp.dir
Searching for files in directory /home/travis/build/NTAP/warpcore/build/lib/CMakeFiles/obj_warp.dir/src
Searching for files in directory /home/travis/build/NTAP/warpcore/build/lib/CMakeFiles/sockcore.dir
Searching for files in directory /home/travis/build/NTAP/warpcore/build/lib/CMakeFiles/warpcore.dir
Searching for files in directory /home/travis/build/NTAP/warpcore/build/lib/include
Searching for files in directory /home/travis/build/NTAP/warpcore/build/lib/include/warpcore
Searching for files in directory /home/travis/build/NTAP/warpcore/build/lib/src
Reading and parsing tag files
Parsing files
Preprocessing /home/travis/build/NTAP/warpcore/lib/include/net/netmap.h...
Parsing file /home/travis/build/NTAP/warpcore/lib/include/net/netmap.h...
Preprocessing /home/travis/build/NTAP/warpcore/lib/include/net/netmap_user.h...
Parsing file /home/travis/build/NTAP/warpcore/lib/include/net/netmap_user.h...
Preprocessing /home/travis/build/NTAP/warpcore/lib/include/warpcore/plat.h...
Parsing file /home/travis/build/NTAP/warpcore/lib/include/warpcore/plat.h...
Preprocessing /home/travis/build/NTAP/warpcore/lib/include/warpcore/queue.h...
Parsing file /home/travis/build/NTAP/warpcore/lib/include/warpcore/queue.h...
Preprocessing /home/travis/build/NTAP/warpcore/lib/include/warpcore/tree.h...
Parsing file /home/travis/build/NTAP/warpcore/lib/include/warpcore/tree.h...
Preprocessing /home/travis/build/NTAP/warpcore/lib/include/warpcore/util.h...
Parsing file /home/travis/build/NTAP/warpcore/lib/include/warpcore/util.h...
Preprocessing /home/travis/build/NTAP/warpcore/lib/include/warpcore/warpcore.h...
Parsing file /home/travis/build/NTAP/warpcore/lib/include/warpcore/warpcore.h...
Preprocessing /home/travis/build/NTAP/warpcore/lib/src/arp.c...
Parsing file /home/travis/build/NTAP/warpcore/lib/src/arp.c...
Preprocessing /home/travis/build/NTAP/warpcore/lib/src/arp.h...
Parsing file /home/travis/build/NTAP/warpcore/lib/src/arp.h...
Preprocessing /home/travis/build/NTAP/warpcore/lib/src/backend.h...
Parsing file /home/travis/build/NTAP/warpcore/lib/src/backend.h...
Preprocessing /home/travis/build/NTAP/warpcore/lib/src/backend_netmap.c...
Parsing file /home/travis/build/NTAP/warpcore/lib/src/backend_netmap.c...
Preprocessing /home/travis/build/NTAP/warpcore/lib/src/backend_sock.c...
Parsing file /home/travis/build/NTAP/warpcore/lib/src/backend_sock.c...
Preprocessing /home/travis/build/NTAP/warpcore/lib/src/eth.c...
Parsing file /home/travis/build/NTAP/warpcore/lib/src/eth.c...
Preprocessing /home/travis/build/NTAP/warpcore/lib/src/eth.h...
Parsing file /home/travis/build/NTAP/warpcore/lib/src/eth.h...
Preprocessing /home/travis/build/NTAP/warpcore/lib/src/icmp.c...
Parsing file /home/travis/build/NT/home/travis/build/NTAP/warpcore/lib/include/warpcore/util.h:111: warning: explicit link request to 'dlevel' could not be resolved
AP/warpcore/lib/src/icmp.c...
Preprocessing /home/travis/build/NTAP/warpcore/lib/src/icmp.h...
Parsing file /home/travis/build/NTAP/warpcore/lib/src/icmp.h...
Preprocessing /home/travis/build/NTAP/warpcore/lib/src/in_cksum.c...
Parsing file /home/travis/build/NTAP/warpcore/lib/src/in_cksum.c...
Preprocessing /home/travis/build/NTAP/warpcore/lib/src/in_cksum.h...
Parsing file /home/travis/build/NTAP/warpcore/lib/src/in_cksum.h...
Preprocessing /home/travis/build/NTAP/warpcore/lib/src/ip.c...
Parsing file /home/travis/build/NTAP/warpcore/lib/src/ip.c...
Preprocessing /home/travis/build/NTAP/warpcore/lib/src/ip.h...
Parsing file /home/travis/build/NTAP/warpcore/lib/src/ip.h...
Preprocessing /home/travis/build/NTAP/warpcore/lib/src/plat.c...
Parsing file /home/travis/build/NTAP/warpcore/lib/src/plat.c...
Preprocessing /home/travis/build/NTAP/warpcore/lib/src/udp.c...
Parsing file /home/travis/build/NTAP/warpcore/lib/src/udp.c...
Preprocessing /home/travis/build/NTAP/warpcore/lib/src/udp.h...
Parsing file /home/travis/build/NTAP/warpcore/lib/src/udp.h...
Preprocessing /home/travis/build/NTAP/warpcore/lib/src/util.c...
Parsing file /home/travis/build/NTAP/warpcore/lib/src/util.c...
Preprocessing /home/travis/build/NTAP/warpcore/lib/src/warpcore.c...
Parsing file /home/travis/build/NTAP/warpcore/lib/src/warpcore.c...
Preprocessing /home/travis/build/NTAP/warpcore/build/lib/include/warpcore/config.h...
Parsing file /home/travis/build/NTAP/warpcore/build/lib/include/warpcore/config.h...
Preprocessing /home/travis/build/NTAP/warpcore/build/lib/src/config.c...
Parsing file /home/travis/build/NTAP/warpcore/build/lib/src/config.c...
Reading /home/travis/build/NTAP/warpcore/README.md...
Building group list...
Building directory list...
Building namespace list...
Building file list...
Building class list...
Associating documentation with classes...
Computing nesting relations for classes...
Building example list...
Searching for enumerations...
Searching for documented typedefs...
Searching for members imported via using declarations...
Searching for included using directives...
Searching for documented variables...
Building interface member list...
Building member list...
Searching for friends...
Searching for documented defines...
Computing class inheritance relations...
Computing class usage relations...
Flushing cached template relations that have become invalid...
Creating members for template instances...
Computing class relations...
Add enum values to enums...
Searching for member function documentation...
Building page list...
Search for main page...
Computing page relations...
Determining the scope of groups...
Sorting lists...
Freeing entry tree
Determining which enums are documented
Computing member relations...
Building full member lists recursively...
Adding members to member groups.
Computing member references...
Inheriting documentation...
Generating disk names...
Adding source references...
Adding xrefitems...
Sorting member lists...
Computing dependencies between directories...
Generating citations page...
Counting data structures...
Resolving user defined references...
Finding anchors and sections in the documentation...
Transferring function references...
Combining using relations...
Adding members to index pages...
Generating style sheet...
Generating search indices...
Generating example documentation...
Generating docs for example inetd.c...
Generating docs for example ping.c...
Generating file sources...
Generating code for file include/warpcore/config.h...
Parsing code for file src/config.c...
Generating code for file include/net/netmap.h...
Generating code for file include/net/netmap_user.h...
Generating code for file include/warpcore/plat.h...
Generating code for file include/warpcore/queue.h...
Generating code for file include/warpcore/tree.h...
Generating code for file include/warpcore/util.h...
Generating code for file include/warpcore/warpcore.h...
Parsing code for file src/arp.c...
Generating code for file src/arp.h...
Generating code for file src/backend.h...
Parsing code for file src/backend_netmap.c...
/home/travis/build/NTAP/warpcore/lib/include/warpcore/util.h:111: warning: explicit link request to 'dlevel' could not be resolved
/home/travis/build/NTAP/warpcore/lib/include/warpcore/util.h:68: warning: argument 'fmt' of command @param is not found in the argument list of die(...)
/home/travis/build/NTAP/warpcore/lib/include/warpcore/util.h:210: warning: argument 'fmt' of command @param is not found in the argument list of ensure(e,...)
/home/travis/build/NTAP/warpcore/lib/include/warpcore/util.h:155: warning: explicit link request to 'dlevel' could not be resolved
/home/travis/build/NTAP/warpcore/lib/include/warpcore/util.h:155: warning: argument 'fmt' of command @param is not found in the argument list of rwarn(dlevel, lps,...)
/home/travis/build/NTAP/warpcore/lib/include/warpcore/util.h:131: warning: explicit link request to 'dlevel' could not be resolved
/home/travis/build/NTAP/warpcore/lib/include/warpcore/util.h:131: warning: argument 'fmt' of command @param is not found in the argument list of twarn(dlevel,...)
/home/travis/build/NTAP/warpcore/lib/include/warpcore/util.h:111: warning: explicit link request to 'dlevel' could not be resolved
/home/travis/build/NTAP/warpcore/lib/include/warpcore/util.h:111: warning: explicit link request to 'dlevel' could not be resolved
/home/travis/build/NTAP/warpcore/lib/include/warpcore/util.h:111: warning: argument 'fmt' of command @param is not found in the argument list of warn(dlevel,...)
/home/travis/build/NTAP/warpcore/lib/src/warpcore.c:370: warning: The following parameters of w_init(const char *const ifname, const uint32_t rip, const uint8_t flags, const uint32_t nbufs) are not documented:
  parameter 'flags'
/home/travis/build/NTAP/warpcore/lib/src/eth.h:60: warning: The following parameters of eth_data(w, buf) are not documented:
  parameter 'w'
Parsing code for file src/backend_sock.c...
Parsing code for file src/eth.c...
Generating code for file src/eth.h...
Parsing code for file src/icmp.c...
Generating code for file src/icmp.h...
Parsing code for file src/in_cksum.c...
Generating code for file src/in_cksum.h...
Parsing code for file src/ip.c...
Generating code for file src/ip.h...
Parsing code for file src/plat.c...
Parsing code for file src/udp.c...
Generating code for file src/udp.h...
Parsing code for file src/util.c...
Parsing code for file src/warpcore.c...
Parsing code for file README.md...
Generating file documentation...
Generating docs for file include/warpcore/config.h...
Generating docs for file src/config.c...
Generating docs for file include/net/netmap.h...
Generating docs for file include/net/netmap_user.h...
Generating call graph for function nm_tx_pending
Generating docs for file include/warpcore/plat.h...
Generating docs for file include/warpcore/queue.h...
Generating docs for file include/warpcore/tree.h...
Generating docs for file include/warpcore/util.h...
Generating call graph for function util_rwarn
Generating call graph for function util_warn
Generating docs for file include/warpcore/warpcore.h...
Generating call graph for function w_alloc_cnt
Generating call graph for function w_alloc_len
Generating call graph for function w_bind
Generating call graph for function w_cleanup
Generating call graph for function w_close
Generating call graph for function w_connect
Generating call graph for function w_connected
Generating call graph for function w_disconnect
Generating call graph for function w_init
Generating call graph for function w_nic_rx
Generating call graph for function w_nic_tx
Generating call graph for function w_rx
Generating call graph for function w_tx
Generating docs for file src/arp.c...
Generating call graph for function arp_cache_update
Generating call graph for function arp_is_at
Generating call graph for function arp_rx
Generating call graph for function arp_who_has
Generating docs for file src/arp.h...
Generating call graph for function arp_cache_update
Generating call graph for function arp_rx
Generating call graph for function arp_who_has
Generating docs for file src/backend.h...
Generating call graph for function backend_bind
Generating call graph for function backend_cleanup
Generating call graph for function backend_connect
Generating call graph for function backend_init
Generating call graph for function w_sock_cmp
Generating docs for file src/backend_netmap.c...
Generating call graph for function backend_bind
Generating call graph for function backend_cleanup
Generating call graph for function backend_connect
Generating call graph for function backend_init
Generating call graph for function w_nic_rx
Generating call graph for function w_nic_tx
Generating call graph for function w_tx
Generating docs for file src/backend_sock.c...
Generating call graph for function w_rx
Generating call graph for function w_tx
Generating docs for file src/eth.c...
Generating call graph for function eth_rx
Generating docs for file src/eth.h...
Generating call graph for function eth_rx
Generating docs for file src/icmp.c...
Generating call graph for function icmp_rx
Generating call graph for function icmp_tx
Generating docs for file src/icmp.h...
Generating call graph for function icmp_rx
Generating call graph for function icmp_tx
Generating docs for file src/in_cksum.c...
Generating call graph for function csum_oc16_sse
Generating call graph for function ip_cksum
Generating call graph for function ip_cksum_sse
Generating call graph for function ip_cksum_update16
Generating call graph for function ip_cksum_update32
Generating call graph for function ip_pseudo
Generating call graph for function ip_pseudo32
Generating call graph for function udp_cksum
Generating call graph for function udp_cksum_sse
Generating docs for file src/in_cksum.h...
Generating call graph for function ip_cksum
Generating call graph for function ip_cksum_sse
Generating call graph for function ip_cksum_update16
Generating call graph for function ip_cksum_update32
Ge/home/travis/build/NTAP/warpcore/lib/src/ip.h:121: warning: The following parameters of ip_data(w, buf) are not documented:
  parameter 'w'
/home/travis/build/NTAP/warpcore/lib/src/udp.c:70: warning: The following parameters of udp_rx(struct w_engine *const w, struct netmap_ring *const r, bool csum_valid) are not documented:
  parameter 'csum_valid'
/home/travis/build/NTAP/warpcore/lib/src/udp.c:70: warning: The following parameters of udp_rx(struct w_engine *const w, struct netmap_ring *const r, bool csum_valid) are not documented:
  parameter 'csum_valid'
/home/travis/build/NTAP/warpcore/lib/src/warpcore.c:370: warning: The following parameters of w_init(const char *const ifname, const uint32_t rip, const uint8_t flags, const uint32_t nbufs) are not documented:
  parameter 'flags'
nerating call graph for function ip_pseudo
Generating call graph for function udp_cksum
Generating call graph for function udp_cksum_sse
Generating docs for file src/ip.c...
Generating call graph for function ip_rx
Generating call graph for function ip_tx
Generating docs for file src/ip.h...
Generating call graph for function ip_rx
Generating call graph for function ip_tx
Generating docs for file src/plat.c...
Generating docs for file src/udp.c...
Generating call graph for function udp_rx
Generating call graph for function udp_tx
Generating docs for file src/udp.h...
Generating call graph for function udp_rx
Generating call graph for function udp_tx
Generating docs for file src/util.c...
Generating call graph for function util_rwarn
Generating call graph for function util_warn
Generating docs for file src/warpcore.c...
Generating call graph for function w_alloc_cnt
Generating call graph for function w_alloc_len
Generating call graph for function w_bind
Generating call graph for function w_cleanup
Generating call graph for function w_close
Generating call graph for function w_connect
Generating call graph for function w_connected
Generating call graph for function w_disconnect
Generating call graph for function w_init
Generating docs for file README.md...
Generating page documentation...
Generating group documentation...
Generating class documentation...
Generating docs for compound arp_entry...
Generating docs for compound arp_hdr...
Generating docs for compound eth_hdr...
Generating docs for compound icmp_hdr...
Generating docs for compound ip_hdr...
Generating docs for compound netmap_if...
Generating docs for compound netmap_ring...
Generating docs for compound netmap_slot...
Generating docs for compound nm_ifreq...
Generating docs for compound nmreq...
Generating docs for compound udp_hdr...
Generating docs for compound w_backend...
Generating docs for compound w_engine...
Generating docs for compound w_hdr...
Generating docs for compound w_iov...
Generating docs for compound w_iov_sq...
Generating docs for compound w_sock...
Generating namespace index...
Generating graph info page...
Generating directory documentation...
Generating dependency graph for directory include
Generating dependency graph for directory include
Generating dependency graph for directory include/net
Generating dependency graph for directory src
Generating dependency graph for directory src
Generating dependency graph for directory include/warpcore
Generating dependency graph for directory include/warpcore
Generating index page...
Generating page index...
Generating module index...
Generating namespace index...
Generating namespace member index...
Generating annotated compound index...
Generating alphabetical compound index...
Generating hierarchical class index...
Generating graphical class hierarchy...
Generating member index...
Generating file index...
Generating file member index...
Generating example index...
finalizing index lists...
Running dot...
Generating dot graphs using 33 parallel threads...
Running dot for graph 1/129
Running dot for graph 2/129
Running dot for graph 3/129
Running dot for graph 4/129
Running dot for graph 5/129
Running dot for graph 6/129
Running dot for graph 7/129
Running dot for graph 8/129
Running dot for graph 9/129
Running dot for graph 10/129
Running dot for graph 11/129
Running dot for graph 12/129
Running dot for graph 13/129
Running dot for graph 14/129
Running dot for graph 15/129
Running dot for graph 16/129
Running dot for graph 17/129
Running dot for graph 18/129
Running dot for graph 19/129
Running dot for graph 20/129
Running dot for graph 21/129
Running dot for graph 22/129
Running dot for graph 23/129
Running dot for graph 24/129
Running dot for graph 25/129
Running dot for graph 26/129
Running dot for graph 27/129
Running dot for graph 28/129
Running dot for graph 29/129
Running dot for graph 30/129
Running dot for graph 31/129
Running dot for graph 32/129
Running dot for graph 33/129
Running dot for graph 34/129
Running dot for graph 35/129
Running dot for graph 36/129
Running dot for graph 37/129
Running dot for graph 38/129
Running dot for graph 39/129
Running dot for graph 40/129
Running dot for graph 41/129
Running dot for graph 42/129
Running dot for graph 43/129
Running dot for graph 44/129
Running dot for graph 45/129
Running dot for graph 46/129
Running dot for graph 47/129
Running dot for graph 48/129
Running dot for graph 49/129
Running dot for graph 50/129
Running dot for graph 51/129
Running dot for graph 52/129
Running dot for graph 53/129
Running dot for graph 54/129
Running dot for graph 55/129
Running dot for graph 56/129
Running dot for graph 57/129
Running dot for graph 58/129
Running dot for graph 59/129
Running dot for graph 60/129
Running dot for graph 61/129
Running dot for graph 62/129
Running dot for graph 63/129
Running dot for graph 64/129
Running dot for graph 65/129
Running dot for graph 66/129
Running dot for graph 67/129
Running dot for graph 68/129
Running dot for graph 69/129
Running dot for graph 70/129
Running dot for graph 71/129
Running dot for graph 72/129
Running dot for graph 73/129
Running dot for graph 74/129
Running dot for graph 75/129
Running dot for graph 76/129
Running dot for graph 77/129
Running dot for graph 78/129
Running dot for graph 79/129
Running dot for graph 80/129
Running dot for graph 81/129
Running dot for graph 82/129
Running dot for graph 83/129
Running dot for graph 84/129
Running dot for graph 85/129
Running dot for graph 86/129
Running dot for graph 87/129
Running dot for graph 88/129
Running dot for graph 89/129
Running dot for graph 90/129
Running dot for graph 91/129
Running dot for graph 92/129
Running dot for graph 93/129
Running dot for graph 94/129
Running dot for graph 95/129
Running dot for graph 96/129
Running dot for graph 97/129
Running dot for graph 98/129
Running dot for graph 99/129
Running dot for graph 100/129
Running dot for graph 101/129
Running dot for graph 102/129
Running dot for graph 103/129
Running dot for graph 104/129
Running dot for graph 105/129
Running dot for graph 106/129
Running dot for graph 107/129
Running dot for graph 108/129
Running dot for graph 109/129
Running dot for graph 110/129
Running dot for graph 111/129
Running dot for graph 112/129
Running dot for graph 113/129
Running dot for graph 114/129
Running dot for graph 115/129
Running dot for graph 116/129
Running dot for graph 117/129
Running dot for graph 118/129
Running dot for graph 119/129
Running dot for graph 120/129
Running dot for graph 121/129
Running dot for graph 122/129
Running dot for graph 123/129
Running dot for graph 124/129
Running dot for graph 125/129
Running dot for graph 126/129
Running dot for graph 127/129
Running dot for graph 128/129
Running dot for graph 129/129
Patching output file 1/39
Patching output file 2/39
Patching output file 3/39
Patching output file 4/39
Patching output file 5/39
Patching output file 6/39
Patching output file 7/39
Patching output file 8/39
Patching output file 9/39
Patching output file 10/39
Patching output file 11/39
Patching output file 12/39
Patching output file 13/39
Patching output file 14/39
Patching output file 15/39
Patching output file 16/39
Patching output file 17/39
Patching output file 18/39
Patching output file 19/39
Patching output file 20/39
Patching output file 21/39
Patching output file 22/39
Patching output file 23/39
Patching output file 24/39
Patching output file 25/39
Patching output file 26/39
Patching output file 27/39
Patching output file 28/39
Patching output file 29/39
Patching output file 30/39
Patching output file 31/39
Patching output file 32/39
Patching output file 33/39
Patching output file 34/39
Patching output file 35/39
Patching output file 36/39
Patching output file 37/39
Patching output file 38/39
Patching output file 39/39
lookup cache used 615/65536 hits=3666 misses=627
finished...
